[INFO] Scanning for projects...
[INFO] 
[INFO] ----------------------< org.example:FirstProject >----------------------
[INFO] Building FirstProject 1.0-SNAPSHOT
[INFO] --------------------------------[ jar ]---------------------------------
[INFO] 
[INFO] --- maven-clean-plugin:2.5:clean (default-clean) @ FirstProject ---
[INFO] Deleting C:\Users\REDTECH\Documents\Selenium\FirstProject\target
[INFO] 
[INFO] --- maven-resources-plugin:2.6:resources (default-resources) @ FirstProject ---
[INFO] Using 'UTF-8' encoding to copy filtered resources.
[INFO] Copying 1 resource
[INFO] 
[INFO] --- maven-compiler-plugin:3.1:compile (default-compile) @ FirstProject ---
[INFO] Changes detected - recompiling the module!
[INFO] Compiling 8 source files to C:\Users\REDTECH\Documents\Selenium\FirstProject\target\classes
[INFO] ------------------------------------------------------------------------
[INFO] BUILD FAILURE
[INFO] ------------------------------------------------------------------------
[INFO] Total time:  2.584 s
[INFO] Finished at: 2023-03-19T22:42:35+05:30
[INFO] ------------------------------------------------------------------------
[ERROR] Failed to execute goal org.apache.maven.plugins:maven-compiler-plugin:3.1:compile (default-compile) on project FirstProject: Fatal error compiling: error: invalid target release: 19 -> [Help 1]
[ERROR] 
[ERROR] To see the full stack trace of the errors, re-run Maven with the -e switch.
[ERROR] Re-run Maven using the -X switch to enable full debug logging.
[ERROR] 
[ERROR] For more information about the errors and possible solutions, please read the following articles:
[ERROR] [Help 1] http://cwiki.apache.org/confluence/display/MAVEN/MojoExecutionException
